2022-12-05T06:11:06+00:00 INFO Is weekly report enabled: enable
2022-12-05T06:11:08+00:00 INFO Is weekly report enabled: enable
2022-12-05T06:11:12+00:00 INFO Is weekly report enabled: enable
2022-12-05T06:11:13+00:00 INFO Is weekly report enabled: enable
2022-12-05T06:11:19+00:00 INFO Is weekly report enabled: enable
2022-12-05T06:11:27+00:00 INFO Is weekly report enabled: enable
2022-12-05T06:11:42+00:00 INFO Is weekly report enabled: enable
2022-12-05T06:11:57+00:00 INFO Is weekly report enabled: enable
2022-12-05T06:12:13+00:00 INFO Is weekly report enabled: enable
2022-12-05T06:12:14+00:00 INFO Is weekly report enabled: enable
2022-12-05T06:12:37+00:00 INFO Is weekly report enabled: enable
2022-12-05T06:12:52+00:00 INFO Is weekly report enabled: enable
2022-12-05T06:13:56+00:00 INFO Is weekly report enabled: enable
2022-12-05T06:14:10+00:00 INFO Is weekly report enabled: enable
2022-12-05T06:14:25+00:00 INFO Is weekly report enabled: enable
2022-12-05T06:14:41+00:00 INFO Is weekly report enabled: enable
2022-12-05T06:14:56+00:00 INFO Is weekly report enabled: enable
2022-12-05T06:14:56+00:00 INFO Is weekly report enabled: enable
2022-12-05T06:14:59+00:00 INFO Is weekly report enabled: enable
2022-12-05T06:15:11+00:00 INFO Is weekly report enabled: enable
2022-12-05T06:15:26+00:00 INFO Is weekly report enabled: enable
2022-12-05T06:15:46+00:00 INFO Is weekly report enabled: enable
2022-12-05T06:16:01+00:00 INFO Is weekly report enabled: enable
2022-12-05T06:16:18+00:00 INFO Is weekly report enabled: enable
2022-12-05T06:16:34+00:00 INFO Is weekly report enabled: enable
2022-12-05T06:17:13+00:00 INFO Is weekly report enabled: enable
2022-12-05T06:17:28+00:00 INFO Is weekly report enabled: enable
2022-12-05T06:18:11+00:00 INFO Is weekly report enabled: enable
2022-12-05T06:18:25+00:00 INFO Is weekly report enabled: enable
2022-12-05T06:20:26+00:00 INFO Is weekly report enabled: enable
2022-12-05T06:20:41+00:00 INFO Is weekly report enabled: enable
2022-12-05T06:20:46+00:00 INFO Is weekly report enabled: enable
2022-12-05T06:20:46+00:00 INFO Is weekly report enabled: enable
2022-12-05T06:20:48+00:00 INFO Is weekly report enabled: enable
2022-12-05T06:20:55+00:00 INFO Is weekly report enabled: enable
2022-12-05T06:21:10+00:00 INFO Is weekly report enabled: enable
2022-12-05T06:21:27+00:00 INFO Is weekly report enabled: enable
2022-12-05T06:21:41+00:00 INFO Is weekly report enabled: enable
2022-12-05T06:22:49+00:00 INFO Is weekly report enabled: enable
2022-12-05T06:23:03+00:00 INFO Is weekly report enabled: enable
2022-12-05T06:23:18+00:00 INFO Is weekly report enabled: enable
2022-12-05T06:23:35+00:00 INFO Is weekly report enabled: enable
2022-12-05T06:23:49+00:00 INFO Is weekly report enabled: enable
2022-12-05T06:24:05+00:00 INFO Is weekly report enabled: enable
2022-12-05T06:24:21+00:00 INFO Is weekly report enabled: enable
2022-12-05T06:24:37+00:00 INFO Is weekly report enabled: enable
2022-12-05T06:24:52+00:00 INFO Is weekly report enabled: enable
2022-12-05T06:26:48+00:00 INFO Is weekly report enabled: enable
2022-12-05T06:27:02+00:00 INFO Is weekly report enabled: enable
2022-12-05T06:29:04+00:00 INFO Is weekly report enabled: enable
2022-12-05T06:29:32+00:00 INFO Is weekly report enabled: enable
2022-12-05T06:29:48+00:00 INFO Is weekly report enabled: enable
2022-12-05T06:30:26+00:00 INFO Is weekly report enabled: enable
2022-12-05T06:30:42+00:00 INFO Is weekly report enabled: enable
2022-12-05T06:31:50+00:00 INFO Is weekly report enabled: enable
2022-12-05T06:32:04+00:00 INFO Is weekly report enabled: enable
2022-12-05T06:32:33+00:00 INFO Is weekly report enabled: enable
2022-12-05T06:32:48+00:00 INFO Is weekly report enabled: enable
2022-12-05T06:33:04+00:00 INFO Is weekly report enabled: enable
2022-12-05T06:33:31+00:00 INFO Is weekly report enabled: enable
2022-12-05T06:33:47+00:00 INFO Is weekly report enabled: enable
2022-12-05T06:34:01+00:00 INFO Is weekly report enabled: enable
2022-12-05T06:35:55+00:00 INFO Is weekly report enabled: enable
2022-12-05T06:36:08+00:00 INFO Is weekly report enabled: enable
2022-12-05T06:37:51+00:00 INFO Is weekly report enabled: enable
2022-12-05T06:38:23+00:00 INFO Is weekly report enabled: enable
2022-12-05T06:38:38+00:00 INFO Is weekly report enabled: enable
2022-12-05T06:38:54+00:00 INFO Is weekly report enabled: enable
2022-12-05T06:39:09+00:00 INFO Is weekly report enabled: enable
2022-12-05T06:39:25+00:00 INFO Is weekly report enabled: enable
2022-12-05T06:39:49+00:00 INFO Is weekly report enabled: enable
2022-12-05T06:40:03+00:00 INFO Is weekly report enabled: enable
2022-12-05T06:40:19+00:00 INFO Is weekly report enabled: enable
2022-12-05T06:40:35+00:00 INFO Is weekly report enabled: enable
2022-12-05T06:41:03+00:00 INFO Is weekly report enabled: enable
2022-12-05T06:41:17+00:00 INFO Is weekly report enabled: enable
2022-12-05T06:42:35+00:00 INFO Is weekly report enabled: enable
2022-12-05T06:42:49+00:00 INFO Is weekly report enabled: enable
2022-12-05T06:43:05+00:00 INFO Is weekly report enabled: enable
2022-12-05T06:43:40+00:00 INFO Is weekly report enabled: enable
2022-12-05T06:43:54+00:00 INFO Is weekly report enabled: enable
2022-12-05T06:44:39+00:00 INFO Is weekly report enabled: enable
2022-12-05T06:44:53+00:00 INFO Is weekly report enabled: enable
2022-12-05T06:45:08+00:00 INFO Is weekly report enabled: enable
2022-12-05T06:45:23+00:00 INFO Is weekly report enabled: enable
2022-12-05T06:45:39+00:00 INFO Is weekly report enabled: enable
2022-12-05T06:45:53+00:00 INFO Is weekly report enabled: enable
2022-12-05T06:46:09+00:00 INFO Is weekly report enabled: enable
2022-12-05T06:46:31+00:00 INFO Is weekly report enabled: enable
2022-12-05T06:48:31+00:00 INFO Is weekly report enabled: enable
2022-12-05T06:50:32+00:00 INFO Is weekly report enabled: enable
2022-12-05T06:52:33+00:00 INFO Is weekly report enabled: enable
2022-12-05T06:54:34+00:00 INFO Is weekly report enabled: enable
2022-12-05T06:56:35+00:00 INFO Is weekly report enabled: enable
2022-12-05T06:58:35+00:00 INFO Is weekly report enabled: enable
2022-12-05T07:00:35+00:00 INFO Is weekly report enabled: enable
2022-12-05T07:01:25+00:00 INFO Is weekly report enabled: enable
2022-12-05T07:01:39+00:00 INFO Is weekly report enabled: enable
2022-12-05T07:01:54+00:00 INFO Is weekly report enabled: enable
2022-12-05T07:02:33+00:00 INFO Is weekly report enabled: enable
2022-12-05T07:02:47+00:00 INFO Is weekly report enabled: enable
2022-12-05T07:03:02+00:00 INFO Is weekly report enabled: enable
2022-12-05T07:03:17+00:00 INFO Is weekly report enabled: enable
2022-12-05T07:03:32+00:00 INFO Is weekly report enabled: enable
2022-12-05T07:03:48+00:00 INFO Is weekly report enabled: enable
2022-12-05T07:04:02+00:00 INFO Is weekly report enabled: enable
2022-12-05T07:04:18+00:00 INFO Is weekly report enabled: enable
2022-12-05T07:04:35+00:00 INFO Is weekly report enabled: enable
2022-12-05T07:05:12+00:00 INFO Is weekly report enabled: enable
2022-12-05T07:05:27+00:00 INFO Is weekly report enabled: enable
2022-12-05T07:05:44+00:00 INFO Is weekly report enabled: enable
2022-12-05T07:05:58+00:00 INFO Is weekly report enabled: enable
2022-12-05T07:06:17+00:00 INFO Is weekly report enabled: enable
2022-12-05T07:06:49+00:00 INFO Is weekly report enabled: enable
2022-12-05T07:07:03+00:00 INFO Is weekly report enabled: enable
2022-12-05T07:07:55+00:00 INFO Is weekly report enabled: enable
2022-12-05T07:08:09+00:00 INFO Is weekly report enabled: enable
2022-12-05T07:08:38+00:00 INFO Is weekly report enabled: enable
2022-12-05T07:09:08+00:00 INFO Is weekly report enabled: enable
2022-12-05T07:09:23+00:00 INFO Is weekly report enabled: enable
2022-12-05T07:09:40+00:00 INFO Is weekly report enabled: enable
2022-12-05T07:09:54+00:00 INFO Is weekly report enabled: enable
2022-12-05T07:10:57+00:00 INFO Is weekly report enabled: enable
2022-12-05T07:12:57+00:00 INFO Is weekly report enabled: enable
2022-12-05T07:14:07+00:00 INFO Is weekly report enabled: enable
2022-12-05T07:14:21+00:00 INFO Is weekly report enabled: enable
2022-12-05T07:14:48+00:00 INFO Is weekly report enabled: enable
2022-12-05T07:15:02+00:00 INFO Is weekly report enabled: enable
2022-12-05T07:15:17+00:00 INFO Is weekly report enabled: enable
2022-12-05T07:15:59+00:00 INFO Is weekly report enabled: enable
2022-12-05T07:16:13+00:00 INFO Is weekly report enabled: enable
2022-12-05T07:18:15+00:00 INFO Is weekly report enabled: enable
2022-12-05T07:20:15+00:00 INFO Is weekly report enabled: enable
2022-12-05T07:20:29+00:00 INFO Is weekly report enabled: enable
2022-12-05T07:20:46+00:00 INFO Is weekly report enabled: enable
2022-12-05T07:21:03+00:00 INFO Is weekly report enabled: enable
2022-12-05T07:21:19+00:00 INFO Is weekly report enabled: enable
2022-12-05T07:22:19+00:00 INFO Is weekly report enabled: enable
2022-12-05T07:22:33+00:00 INFO Is weekly report enabled: enable
2022-12-05T07:24:35+00:00 INFO Is weekly report enabled: enable
2022-12-05T07:24:50+00:00 INFO Is weekly report enabled: enable
2022-12-05T07:25:12+00:00 INFO Is weekly report enabled: enable
2022-12-05T07:25:27+00:00 INFO Is weekly report enabled: enable
2022-12-05T07:25:43+00:00 INFO Is weekly report enabled: enable
2022-12-05T07:25:58+00:00 INFO Is weekly report enabled: enable
2022-12-05T07:26:13+00:00 INFO Is weekly report enabled: enable
2022-12-05T07:26:30+00:00 INFO Is weekly report enabled: enable
2022-12-05T07:26:45+00:00 INFO Is weekly report enabled: enable
2022-12-05T07:27:00+00:00 INFO Is weekly report enabled: enable
2022-12-05T07:28:41+00:00 INFO Is weekly report enabled: enable
2022-12-05T07:28:55+00:00 INFO Is weekly report enabled: enable
2022-12-05T07:30:00+00:00 INFO Is weekly report enabled: enable
2022-12-05T07:31:20+00:00 INFO Is weekly report enabled: enable
2022-12-05T07:31:26+00:00 INFO Is weekly report enabled: enable
2022-12-05T07:31:34+00:00 INFO Is weekly report enabled: enable
2022-12-05T07:31:34+00:00 INFO Is weekly report enabled: enable
2022-12-05T07:31:34+00:00 INFO Is weekly report enabled: enable
2022-12-05T07:31:34+00:00 INFO Is weekly report enabled: enable
2022-12-05T07:31:36+00:00 INFO Is weekly report enabled: enable
2022-12-05T07:31:51+00:00 INFO Is weekly report enabled: enable
2022-12-05T07:31:59+00:00 INFO Is weekly report enabled: enable
2022-12-05T07:32:06+00:00 INFO Is weekly report enabled: enable
2022-12-05T07:32:21+00:00 INFO Is weekly report enabled: enable
2022-12-05T07:32:26+00:00 INFO Is weekly report enabled: enable
2022-12-05T07:32:28+00:00 INFO Is weekly report enabled: enable
2022-12-05T07:32:43+00:00 INFO Is weekly report enabled: enable
2022-12-05T07:32:49+00:00 INFO Is weekly report enabled: enable
2022-12-05T07:32:57+00:00 INFO Is weekly report enabled: enable
2022-12-05T07:32:58+00:00 INFO Is weekly report enabled: enable
2022-12-05T07:33:12+00:00 INFO Is weekly report enabled: enable
2022-12-05T07:33:27+00:00 INFO Is weekly report enabled: enable
2022-12-05T07:33:43+00:00 INFO Is weekly report enabled: enable
2022-12-05T07:33:56+00:00 INFO Is weekly report enabled: enable
2022-12-05T07:33:58+00:00 INFO Is weekly report enabled: enable
2022-12-05T07:33:58+00:00 INFO Is weekly report enabled: enable
2022-12-05T07:34:00+00:00 INFO Is weekly report enabled: enable
2022-12-05T07:36:02+00:00 INFO Is weekly report enabled: enable
2022-12-05T07:38:03+00:00 INFO Is weekly report enabled: enable
2022-12-05T07:40:04+00:00 INFO Is weekly report enabled: enable
2022-12-05T07:42:05+00:00 INFO Is weekly report enabled: enable
2022-12-05T07:44:06+00:00 INFO Is weekly report enabled: enable
2022-12-05T07:45:12+00:00 INFO Is weekly report enabled: enable
2022-12-05T07:47:12+00:00 INFO Is weekly report enabled: enable
2022-12-05T07:49:13+00:00 INFO Is weekly report enabled: enable
2022-12-05T07:51:13+00:00 INFO Is weekly report enabled: enable
2022-12-05T07:52:27+00:00 INFO Is weekly report enabled: enable
2022-12-05T07:52:36+00:00 INFO Is weekly report enabled: enable
2022-12-05T07:52:41+00:00 INFO Is weekly report enabled: enable
2022-12-05T07:52:41+00:00 INFO Is weekly report enabled: enable
2022-12-05T07:52:44+00:00 INFO Is weekly report enabled: enable
2022-12-05T07:53:29+00:00 INFO Is weekly report enabled: enable
2022-12-05T07:53:29+00:00 INFO Is weekly report enabled: enable
2022-12-05T07:53:30+00:00 INFO Is weekly report enabled: enable
2022-12-05T07:53:30+00:00 INFO Is weekly report enabled: enable
2022-12-05T07:53:30+00:00 INFO Is weekly report enabled: enable
2022-12-05T07:53:30+00:00 INFO Is weekly report enabled: enable
2022-12-05T07:53:46+00:00 INFO Is weekly report enabled: enable
2022-12-05T07:53:48+00:00 INFO Is weekly report enabled: enable
2022-12-05T07:53:50+00:00 INFO Is weekly report enabled: enable
2022-12-05T07:54:05+00:00 INFO Is weekly report enabled: enable
2022-12-05T07:54:43+00:00 INFO Is weekly report enabled: enable
2022-12-05T07:54:58+00:00 INFO Is weekly report enabled: enable
2022-12-05T07:56:07+00:00 INFO Is weekly report enabled: enable
2022-12-05T07:57:00+00:00 INFO Is weekly report enabled: enable
2022-12-05T07:58:08+00:00 INFO Is weekly report enabled: enable
2022-12-05T07:59:01+00:00 INFO Is weekly report enabled: enable
2022-12-05T08:00:09+00:00 INFO Is weekly report enabled: enable
2022-12-05T08:01:02+00:00 INFO Is weekly report enabled: enable
2022-12-05T08:02:10+00:00 INFO Is weekly report enabled: enable
2022-12-05T08:03:02+00:00 INFO Is weekly report enabled: enable
2022-12-05T08:04:11+00:00 INFO Is weekly report enabled: enable
2022-12-05T08:05:03+00:00 INFO Is weekly report enabled: enable
2022-12-05T08:06:12+00:00 INFO Is weekly report enabled: enable
2022-12-05T08:07:04+00:00 INFO Is weekly report enabled: enable
2022-12-05T08:08:13+00:00 INFO Is weekly report enabled: enable
2022-12-05T08:09:05+00:00 INFO Is weekly report enabled: enable
2022-12-05T08:10:14+00:00 INFO Is weekly report enabled: enable
2022-12-05T08:11:06+00:00 INFO Is weekly report enabled: enable
2022-12-05T08:12:15+00:00 INFO Is weekly report enabled: enable
2022-12-05T08:13:05+00:00 INFO Is weekly report enabled: enable
2022-12-05T08:13:29+00:00 INFO Is weekly report enabled: enable
2022-12-05T08:14:16+00:00 INFO Is weekly report enabled: enable
2022-12-05T08:15:29+00:00 INFO Is weekly report enabled: enable
2022-12-05T08:16:16+00:00 INFO Is weekly report enabled: enable
2022-12-05T08:17:29+00:00 INFO Is weekly report enabled: enable
2022-12-05T08:18:15+00:00 INFO Is weekly report enabled: enable
2022-12-05T08:19:29+00:00 INFO Is weekly report enabled: enable
2022-12-05T08:20:17+00:00 INFO Is weekly report enabled: enable
2022-12-05T08:20:52+00:00 INFO Is weekly report enabled: enable
2022-12-05T08:21:07+00:00 INFO Is weekly report enabled: enable
2022-12-05T08:22:18+00:00 INFO Is weekly report enabled: enable
2022-12-05T08:23:08+00:00 INFO Is weekly report enabled: enable
2022-12-05T08:24:19+00:00 INFO Is weekly report enabled: enable
2022-12-05T08:25:10+00:00 INFO Is weekly report enabled: enable
2022-12-05T08:26:19+00:00 INFO Is weekly report enabled: enable
2022-12-05T08:27:11+00:00 INFO Is weekly report enabled: enable
2022-12-05T08:28:20+00:00 INFO Is weekly report enabled: enable
2022-12-05T08:29:12+00:00 INFO Is weekly report enabled: enable
2022-12-05T08:30:21+00:00 INFO Is weekly report enabled: enable
2022-12-05T08:31:13+00:00 INFO Is weekly report enabled: enable
2022-12-05T08:32:22+00:00 INFO Is weekly report enabled: enable
2022-12-05T08:33:13+00:00 INFO Is weekly report enabled: enable
2022-12-05T08:34:23+00:00 INFO Is weekly report enabled: enable
2022-12-05T08:35:15+00:00 INFO Is weekly report enabled: enable
2022-12-05T08:36:24+00:00 INFO Is weekly report enabled: enable
2022-12-05T08:36:54+00:00 INFO Is weekly report enabled: enable
2022-12-05T08:36:56+00:00 INFO Is weekly report enabled: enable
2022-12-05T08:36:56+00:00 INFO Is weekly report enabled: enable
2022-12-05T08:37:04+00:00 INFO Is weekly report enabled: enable
2022-12-05T08:37:11+00:00 INFO Is weekly report enabled: enable
2022-12-05T08:37:12+00:00 INFO Is weekly report enabled: enable
2022-12-05T08:37:15+00:00 INFO Is weekly report enabled: enable
2022-12-05T08:37:15+00:00 INFO Is weekly report enabled: enable
2022-12-05T08:37:25+00:00 INFO Is weekly report enabled: enable
2022-12-05T08:37:26+00:00 INFO Is weekly report enabled: enable
2022-12-05T08:37:27+00:00 INFO Is weekly report enabled: enable
2022-12-05T08:37:42+00:00 INFO Is weekly report enabled: enable
2022-12-05T08:37:56+00:00 INFO Is weekly report enabled: enable
2022-12-05T08:38:13+00:00 INFO Is weekly report enabled: enable
2022-12-05T08:38:24+00:00 INFO Is weekly report enabled: enable
2022-12-05T08:38:29+00:00 INFO Is weekly report enabled: enable
2022-12-05T08:38:35+00:00 INFO Is weekly report enabled: enable
2022-12-05T08:38:44+00:00 INFO Is weekly report enabled: enable
2022-12-05T08:38:44+00:00 INFO Is weekly report enabled: enable
2022-12-05T08:38:58+00:00 INFO Is weekly report enabled: enable
2022-12-05T08:38:58+00:00 INFO Is weekly report enabled: enable
2022-12-05T08:39:00+00:00 INFO Is weekly report enabled: enable
2022-12-05T08:40:26+00:00 INFO Is weekly report enabled: enable
2022-12-05T08:40:36+00:00 INFO Is weekly report enabled: enable
2022-12-05T08:42:27+00:00 INFO Is weekly report enabled: enable
2022-12-05T08:42:34+00:00 INFO Is weekly report enabled: enable
2022-12-05T08:42:49+00:00 INFO Is weekly report enabled: enable
2022-12-05T08:44:02+00:00 INFO Is weekly report enabled: enable
2022-12-05T08:44:03+00:00 INFO Is weekly report enabled: enable
2022-12-05T08:44:05+00:00 INFO Is weekly report enabled: enable
2022-12-05T08:44:07+00:00 INFO Is weekly report enabled: enable
2022-12-05T08:44:08+00:00 INFO Is weekly report enabled: enable
2022-12-05T08:44:12+00:00 INFO Is weekly report enabled: enable
2022-12-05T08:44:16+00:00 INFO Is weekly report enabled: enable
2022-12-05T08:44:20+00:00 INFO Is weekly report enabled: enable
2022-12-05T08:44:22+00:00 INFO Is weekly report enabled: enable
2022-12-05T08:44:24+00:00 INFO Is weekly report enabled: enable
2022-12-05T08:44:29+00:00 INFO Is weekly report enabled: enable
2022-12-05T08:44:29+00:00 INFO Is weekly report enabled: enable
2022-12-05T08:44:30+00:00 INFO Is weekly report enabled: enable
2022-12-05T08:46:01+00:00 INFO Is weekly report enabled: enable
2022-12-05T08:46:02+00:00 INFO Is weekly report enabled: enable
2022-12-05T08:48:03+00:00 INFO Is weekly report enabled: enable
2022-12-05T08:48:03+00:00 INFO Is weekly report enabled: enable
2022-12-05T08:50:33+00:00 INFO Is weekly report enabled: enable
2022-12-05T08:50:33+00:00 INFO Is weekly report enabled: enable
2022-12-05T08:52:05+00:00 INFO Is weekly report enabled: enable
2022-12-05T08:52:05+00:00 INFO Is weekly report enabled: enable
2022-12-05T08:54:06+00:00 INFO Is weekly report enabled: enable
2022-12-05T08:54:06+00:00 INFO Is weekly report enabled: enable
2022-12-05T08:56:08+00:00 INFO Is weekly report enabled: enable
2022-12-05T08:58:09+00:00 INFO Is weekly report enabled: enable
2022-12-05T09:00:10+00:00 INFO Is weekly report enabled: enable
2022-12-05T09:02:11+00:00 INFO Is weekly report enabled: enable
2022-12-05T09:04:12+00:00 INFO Is weekly report enabled: enable
2022-12-05T09:06:13+00:00 INFO Is weekly report enabled: enable
2022-12-05T09:08:14+00:00 INFO Is weekly report enabled: enable
2022-12-05T09:10:15+00:00 INFO Is weekly report enabled: enable
2022-12-05T09:12:16+00:00 INFO Is weekly report enabled: enable
2022-12-05T09:14:17+00:00 INFO Is weekly report enabled: enable
2022-12-05T09:16:18+00:00 INFO Is weekly report enabled: enable
2022-12-05T09:18:19+00:00 INFO Is weekly report enabled: enable
2022-12-05T09:20:20+00:00 INFO Is weekly report enabled: enable
2022-12-05T09:22:21+00:00 INFO Is weekly report enabled: enable
2022-12-05T09:24:22+00:00 INFO Is weekly report enabled: enable
2022-12-05T09:26:23+00:00 INFO Is weekly report enabled: enable
2022-12-05T09:28:24+00:00 INFO Is weekly report enabled: enable
2022-12-05T09:30:25+00:00 INFO Is weekly report enabled: enable
2022-12-05T09:32:26+00:00 INFO Is weekly report enabled: enable
2022-12-05T09:34:27+00:00 INFO Is weekly report enabled: enable
2022-12-05T09:36:28+00:00 INFO Is weekly report enabled: enable
2022-12-05T09:38:29+00:00 INFO Is weekly report enabled: enable
2022-12-05T09:40:30+00:00 INFO Is weekly report enabled: enable
2022-12-05T09:42:31+00:00 INFO Is weekly report enabled: enable
2022-12-05T09:48:06+00:00 INFO Is weekly report enabled: enable
2022-12-05T09:50:06+00:00 INFO Is weekly report enabled: enable
2022-12-05T09:50:20+00:00 INFO Is weekly report enabled: enable
2022-12-05T09:52:22+00:00 INFO Is weekly report enabled: enable
2022-12-05T09:54:22+00:00 INFO Is weekly report enabled: enable
2022-12-05T09:56:23+00:00 INFO Is weekly report enabled: enable
2022-12-05T09:58:24+00:00 INFO Is weekly report enabled: enable
2022-12-05T10:00:25+00:00 INFO Is weekly report enabled: enable
2022-12-05T10:02:26+00:00 INFO Is weekly report enabled: enable
2022-12-05T10:04:26+00:00 INFO Is weekly report enabled: enable
2022-12-05T10:05:31+00:00 INFO Is weekly report enabled: enable
2022-12-05T10:05:37+00:00 INFO Is weekly report enabled: enable
2022-12-05T10:05:45+00:00 INFO Is weekly report enabled: enable
2022-12-05T10:05:52+00:00 INFO Is weekly report enabled: enable
2022-12-05T10:06:35+00:00 INFO Is weekly report enabled: enable
2022-12-05T10:07:53+00:00 INFO Is weekly report enabled: enable
2022-12-05T10:08:35+00:00 INFO Is weekly report enabled: enable
2022-12-05T10:09:54+00:00 INFO Is weekly report enabled: enable
2022-12-05T10:10:36+00:00 INFO Is weekly report enabled: enable
2022-12-05T10:11:55+00:00 INFO Is weekly report enabled: enable
2022-12-05T10:12:36+00:00 INFO Is weekly report enabled: enable
2022-12-05T10:13:56+00:00 INFO Is weekly report enabled: enable
2022-12-05T10:14:38+00:00 INFO Is weekly report enabled: enable
2022-12-05T10:15:30+00:00 INFO Is weekly report enabled: enable
2022-12-05T10:15:46+00:00 INFO Is weekly report enabled: enable
2022-12-05T10:15:56+00:00 INFO Is weekly report enabled: enable
2022-12-05T10:16:44+00:00 INFO Is weekly report enabled: enable
2022-12-05T10:18:44+00:00 INFO Is weekly report enabled: enable
2022-12-05T10:19:36+00:00 INFO Is weekly report enabled: enable
2022-12-05T10:20:36+00:00 INFO Is weekly report enabled: enable
2022-12-05T10:20:50+00:00 INFO Is weekly report enabled: enable
2022-12-05T10:21:03+00:00 INFO Is weekly report enabled: enable
2022-12-05T10:21:05+00:00 INFO Is weekly report enabled: enable
2022-12-05T10:21:19+00:00 INFO Is weekly report enabled: enable
2022-12-05T10:21:50+00:00 INFO Is weekly report enabled: enable
2022-12-05T10:21:52+00:00 INFO Is weekly report enabled: enable
2022-12-05T10:21:52+00:00 INFO Is weekly report enabled: enable
2022-12-05T10:22:09+00:00 INFO Is weekly report enabled: enable
2022-12-05T10:22:24+00:00 INFO Is weekly report enabled: enable
2022-12-05T10:22:40+00:00 INFO Is weekly report enabled: enable
2022-12-05T10:22:52+00:00 INFO Is weekly report enabled: enable
2022-12-05T10:23:12+00:00 INFO Is weekly report enabled: enable
2022-12-05T10:23:20+00:00 INFO Is weekly report enabled: enable
2022-12-05T10:23:27+00:00 INFO Is weekly report enabled: enable
2022-12-05T10:23:37+00:00 INFO Is weekly report enabled: enable
2022-12-05T10:23:38+00:00 INFO Is weekly report enabled: enable
2022-12-05T10:25:27+00:00 INFO Is weekly report enabled: enable
2022-12-05T10:25:39+00:00 INFO Is weekly report enabled: enable
2022-12-05T10:26:17+00:00 INFO Is weekly report enabled: enable
2022-12-05T10:26:33+00:00 INFO Is weekly report enabled: enable
2022-12-05T10:27:40+00:00 INFO Is weekly report enabled: enable
2022-12-05T10:28:34+00:00 INFO Is weekly report enabled: enable
2022-12-05T10:29:41+00:00 INFO Is weekly report enabled: enable
2022-12-05T10:30:35+00:00 INFO Is weekly report enabled: enable
2022-12-05T10:31:42+00:00 INFO Is weekly report enabled: enable
2022-12-05T10:32:35+00:00 INFO Is weekly report enabled: enable
2022-12-05T10:33:43+00:00 INFO Is weekly report enabled: enable
2022-12-05T10:34:37+00:00 INFO Is weekly report enabled: enable
2022-12-05T10:36:38+00:00 INFO Is weekly report enabled: enable
2022-12-05T10:38:09+00:00 INFO Is weekly report enabled: enable
2022-12-05T10:38:16+00:00 INFO Is weekly report enabled: enable
2022-12-05T10:38:18+00:00 INFO Is weekly report enabled: enable
2022-12-05T10:38:23+00:00 INFO Is weekly report enabled: enable
2022-12-05T10:38:30+00:00 INFO Is weekly report enabled: enable
2022-12-05T10:38:31+00:00 INFO Is weekly report enabled: enable
2022-12-05T10:38:38+00:00 INFO Is weekly report enabled: enable
2022-12-05T10:39:32+00:00 INFO Is weekly report enabled: enable
2022-12-05T10:40:32+00:00 INFO Is weekly report enabled: enable
2022-12-05T10:40:39+00:00 INFO Is weekly report enabled: enable
2022-12-05T10:41:33+00:00 INFO Is weekly report enabled: enable
2022-12-05T10:42:32+00:00 INFO Is weekly report enabled: enable
2022-12-05T10:42:40+00:00 INFO Is weekly report enabled: enable
2022-12-05T10:43:34+00:00 INFO Is weekly report enabled: enable
2022-12-05T11:18:17+00:00 INFO Is weekly report enabled: enable
2022-12-05T11:18:19+00:00 INFO Is weekly report enabled: enable
2022-12-05T11:18:54+00:00 INFO Is weekly report enabled: enable
2022-12-05T11:19:09+00:00 INFO Is weekly report enabled: enable
2022-12-05T11:19:21+00:00 INFO Is weekly report enabled: enable
2022-12-05T11:19:22+00:00 INFO Is weekly report enabled: enable
2022-12-05T11:19:47+00:00 INFO Is weekly report enabled: enable
2022-12-05T11:20:15+00:00 INFO Is weekly report enabled: enable
2022-12-05T11:20:50+00:00 INFO Is weekly report enabled: enable
2022-12-05T11:22:17+00:00 INFO Is weekly report enabled: enable
2022-12-05T11:22:50+00:00 INFO Is weekly report enabled: enable
2022-12-05T11:24:18+00:00 INFO Is weekly report enabled: enable
2022-12-05T11:24:21+00:00 INFO Is weekly report enabled: enable
2022-12-05T11:24:25+00:00 INFO Is weekly report enabled: enable
2022-12-05T11:24:29+00:00 INFO Is weekly report enabled: enable
2022-12-05T11:24:32+00:00 INFO Is weekly report enabled: enable
2022-12-05T11:24:34+00:00 INFO Is weekly report enabled: enable
2022-12-05T11:24:38+00:00 INFO Is weekly report enabled: enable
2022-12-05T11:25:39+00:00 INFO Is weekly report enabled: enable
2022-12-05T11:26:35+00:00 INFO Is weekly report enabled: enable
2022-12-05T11:28:37+00:00 INFO Is weekly report enabled: enable
2022-12-05T11:30:38+00:00 INFO Is weekly report enabled: enable
2022-12-05T11:32:39+00:00 INFO Is weekly report enabled: enable
2022-12-05T11:34:40+00:00 INFO Is weekly report enabled: enable
2022-12-05T11:36:41+00:00 INFO Is weekly report enabled: enable
2022-12-05T11:37:30+00:00 INFO Is weekly report enabled: enable
2022-12-05T11:37:46+00:00 INFO Is weekly report enabled: enable
2022-12-05T11:38:00+00:00 INFO Is weekly report enabled: enable
2022-12-05T11:38:15+00:00 INFO Is weekly report enabled: enable
2022-12-05T11:38:30+00:00 INFO Is weekly report enabled: enable
2022-12-05T11:38:46+00:00 INFO Is weekly report enabled: enable
2022-12-05T11:38:46+00:00 INFO Is weekly report enabled: enable
2022-12-05T11:39:12+00:00 INFO Is weekly report enabled: enable
2022-12-05T11:39:23+00:00 INFO Is weekly report enabled: enable
2022-12-05T11:39:25+00:00 INFO Is weekly report enabled: enable
2022-12-05T11:39:32+00:00 INFO Is weekly report enabled: enable
2022-12-05T11:40:38+00:00 INFO Is weekly report enabled: enable
2022-12-05T11:40:45+00:00 INFO Is weekly report enabled: enable
2022-12-05T11:41:38+00:00 INFO Is weekly report enabled: enable
2022-12-05T11:42:38+00:00 INFO Is weekly report enabled: enable
2022-12-05T11:42:46+00:00 INFO Is weekly report enabled: enable
2022-12-05T11:43:38+00:00 INFO Is weekly report enabled: enable
2022-12-05T11:44:12+00:00 INFO Is weekly report enabled: enable
2022-12-05T11:44:37+00:00 INFO Is weekly report enabled: enable
2022-12-05T11:44:47+00:00 INFO Is weekly report enabled: enable
2022-12-05T11:44:58+00:00 INFO Is weekly report enabled: enable
2022-12-05T11:45:00+00:00 INFO Is weekly report enabled: enable
2022-12-05T11:45:06+00:00 INFO Is weekly report enabled: enable
2022-12-05T11:45:06+00:00 INFO Is weekly report enabled: enable
2022-12-05T11:45:09+00:00 INFO Is weekly report enabled: enable
2022-12-05T11:45:10+00:00 INFO Is weekly report enabled: enable
2022-12-05T11:45:31+00:00 INFO Is weekly report enabled: enable
2022-12-05T11:45:48+00:00 INFO Is weekly report enabled: enable
2022-12-05T11:45:50+00:00 INFO Is weekly report enabled: enable
2022-12-05T11:45:55+00:00 INFO Is weekly report enabled: enable
2022-12-05T11:45:55+00:00 INFO Is weekly report enabled: enable
2022-12-05T11:45:57+00:00 INFO Is weekly report enabled: enable
2022-12-05T11:46:01+00:00 INFO Is weekly report enabled: enable
2022-12-05T11:46:12+00:00 INFO Is weekly report enabled: enable
2022-12-05T11:46:22+00:00 INFO Is weekly report enabled: enable
2022-12-05T11:46:25+00:00 INFO Is weekly report enabled: enable
2022-12-05T11:46:29+00:00 INFO Is weekly report enabled: enable
2022-12-05T11:46:30+00:00 INFO Is weekly report enabled: enable
2022-12-05T11:46:32+00:00 INFO Is weekly report enabled: enable
2022-12-05T11:46:37+00:00 INFO Is weekly report enabled: enable
2022-12-05T11:46:48+00:00 INFO Is weekly report enabled: enable
2022-12-05T11:46:53+00:00 INFO Is weekly report enabled: enable
2022-12-05T11:46:55+00:00 INFO Is weekly report enabled: enable
2022-12-05T11:46:59+00:00 INFO Is weekly report enabled: enable
2022-12-05T11:46:59+00:00 INFO Is weekly report enabled: enable
2022-12-05T11:47:01+00:00 INFO Is weekly report enabled: enable
2022-12-05T11:47:16+00:00 INFO Is weekly report enabled: enable
2022-12-05T11:47:20+00:00 INFO Is weekly report enabled: enable
2022-12-05T11:47:41+00:00 INFO Is weekly report enabled: enable
2022-12-05T11:47:43+00:00 INFO Is weekly report enabled: enable
2022-12-05T11:47:45+00:00 INFO Is weekly report enabled: enable
2022-12-05T11:47:46+00:00 INFO Is weekly report enabled: enable
2022-12-05T11:47:46+00:00 INFO Is weekly report enabled: enable
2022-12-05T11:47:48+00:00 INFO Is weekly report enabled: enable
2022-12-05T11:47:52+00:00 INFO Is weekly report enabled: enable
2022-12-05T11:47:53+00:00 INFO Is weekly report enabled: enable
2022-12-05T11:48:49+00:00 INFO Is weekly report enabled: enable
2022-12-05T11:48:54+00:00 INFO Is weekly report enabled: enable
2022-12-05T11:50:50+00:00 INFO Is weekly report enabled: enable
2022-12-05T11:50:55+00:00 INFO Is weekly report enabled: enable
2022-12-05T11:52:51+00:00 INFO Is weekly report enabled: enable
2022-12-05T11:52:56+00:00 INFO Is weekly report enabled: enable
2022-12-05T11:54:52+00:00 INFO Is weekly report enabled: enable
2022-12-05T11:54:57+00:00 INFO Is weekly report enabled: enable
2022-12-05T11:56:53+00:00 INFO Is weekly report enabled: enable
2022-12-05T11:56:58+00:00 INFO Is weekly report enabled: enable
2022-12-05T11:58:54+00:00 INFO Is weekly report enabled: enable
2022-12-05T11:58:59+00:00 INFO Is weekly report enabled: enable
2022-12-05T12:00:55+00:00 INFO Is weekly report enabled: enable
2022-12-05T12:01:00+00:00 INFO Is weekly report enabled: enable
2022-12-05T12:02:56+00:00 INFO Is weekly report enabled: enable
2022-12-05T12:03:01+00:00 INFO Is weekly report enabled: enable
2022-12-05T12:04:57+00:00 INFO Is weekly report enabled: enable
2022-12-05T12:05:02+00:00 INFO Is weekly report enabled: enable
2022-12-05T12:06:58+00:00 INFO Is weekly report enabled: enable
2022-12-05T12:07:03+00:00 INFO Is weekly report enabled: enable
2022-12-05T12:08:59+00:00 INFO Is weekly report enabled: enable
2022-12-05T12:09:04+00:00 INFO Is weekly report enabled: enable
2022-12-05T14:52:54+00:00 INFO Start-Cartflows_Admin_Report_Emails::send_weekly_report_email
2022-12-05T14:52:54+00:00 INFO Send weekly emails to asemyassen300@gmail.com
2022-12-05T14:52:54+00:00 INFO Total Revenue: 0.00
2022-12-05T14:52:54+00:00 INFO Is weekly report enabled: enable
2022-12-05T14:53:00+00:00 INFO Is weekly report enabled: enable
2022-12-05T14:53:08+00:00 INFO Is weekly report enabled: enable
2022-12-05T14:53:09+00:00 INFO Is weekly report enabled: enable
2022-12-05T14:53:25+00:00 INFO Is weekly report enabled: enable
2022-12-05T14:53:39+00:00 INFO Is weekly report enabled: enable
2022-12-05T14:53:55+00:00 INFO Is weekly report enabled: enable
2022-12-05T14:54:11+00:00 INFO Is weekly report enabled: enable
2022-12-05T14:54:43+00:00 INFO Is weekly report enabled: enable
2022-12-05T14:54:58+00:00 INFO Is weekly report enabled: enable
2022-12-05T14:54:58+00:00 INFO Is weekly report enabled: enable
2022-12-05T14:54:59+00:00 INFO Is weekly report enabled: enable
2022-12-05T14:55:14+00:00 INFO Is weekly report enabled: enable
2022-12-05T14:55:18+00:00 INFO Is weekly report enabled: enable
2022-12-05T14:55:39+00:00 INFO Is weekly report enabled: enable
2022-12-05T14:55:53+00:00 INFO Is weekly report enabled: enable
2022-12-05T14:56:02+00:00 INFO Is weekly report enabled: enable
2022-12-05T14:56:08+00:00 INFO Is weekly report enabled: enable
2022-12-05T14:56:08+00:00 INFO Is weekly report enabled: enable
2022-12-05T14:56:08+00:00 INFO Is weekly report enabled: enable
2022-12-05T14:56:08+00:00 INFO Is weekly report enabled: enable
2022-12-05T14:56:09+00:00 INFO Is weekly report enabled: enable
2022-12-05T14:56:10+00:00 INFO Is weekly report enabled: enable
2022-12-05T14:56:21+00:00 INFO Is weekly report enabled: enable
2022-12-05T14:57:01+00:00 INFO Is weekly report enabled: enable
2022-12-05T14:57:07+00:00 INFO Is weekly report enabled: enable
2022-12-05T14:57:07+00:00 INFO Is weekly report enabled: enable
2022-12-05T14:57:10+00:00 INFO Is weekly report enabled: enable
2022-12-05T14:57:32+00:00 INFO Is weekly report enabled: enable
2022-12-05T14:57:34+00:00 INFO Is weekly report enabled: enable
2022-12-05T14:57:35+00:00 INFO Is weekly report enabled: enable
2022-12-05T14:57:37+00:00 INFO Is weekly report enabled: enable
2022-12-05T14:57:37+00:00 INFO Is weekly report enabled: enable
2022-12-05T14:57:38+00:00 INFO Is weekly report enabled: enable
2022-12-05T14:57:49+00:00 INFO Is weekly report enabled: enable
2022-12-05T14:57:50+00:00 INFO Is weekly report enabled: enable
2022-12-05T14:57:52+00:00 INFO Is weekly report enabled: enable
2022-12-05T14:58:07+00:00 INFO Is weekly report enabled: enable
2022-12-05T14:58:23+00:00 INFO Is weekly report enabled: enable
2022-12-05T14:59:35+00:00 INFO Is weekly report enabled: enable
2022-12-05T14:59:39+00:00 INFO Is weekly report enabled: enable
2022-12-05T14:59:54+00:00 INFO Is weekly report enabled: enable
2022-12-05T15:00:00+00:00 INFO Is weekly report enabled: enable
2022-12-05T15:00:07+00:00 INFO Is weekly report enabled: enable
2022-12-05T15:00:12+00:00 INFO Is weekly report enabled: enable
2022-12-05T15:00:13+00:00 INFO Is weekly report enabled: enable
2022-12-05T15:00:17+00:00 INFO Is weekly report enabled: enable
2022-12-05T15:00:27+00:00 INFO Is weekly report enabled: enable
2022-12-05T15:00:44+00:00 INFO Is weekly report enabled: enable
2022-12-05T15:00:52+00:00 INFO Is weekly report enabled: enable
2022-12-05T15:00:56+00:00 INFO Is weekly report enabled: enable
2022-12-05T15:00:59+00:00 INFO Is weekly report enabled: enable
2022-12-05T15:01:25+00:00 INFO Is weekly report enabled: enable
2022-12-05T15:01:33+00:00 INFO Is weekly report enabled: enable
2022-12-05T15:01:35+00:00 INFO Is weekly report enabled: enable
2022-12-05T15:02:29+00:00 INFO Is weekly report enabled: enable
2022-12-05T15:03:30+00:00 INFO Is weekly report enabled: enable
2022-12-05T15:03:37+00:00 INFO Is weekly report enabled: enable
2022-12-05T15:04:01+00:00 INFO Is weekly report enabled: enable
2022-12-05T15:04:42+00:00 INFO Is weekly report enabled: enable
2022-12-05T15:05:04+00:00 INFO Is weekly report enabled: enable
2022-12-05T15:05:06+00:00 INFO Is weekly report enabled: enable
2022-12-05T15:05:38+00:00 INFO Is weekly report enabled: enable
2022-12-05T15:05:38+00:00 INFO Is weekly report enabled: enable
2022-12-05T15:05:40+00:00 INFO Is weekly report enabled: enable
2022-12-05T15:05:55+00:00 INFO Is weekly report enabled: enable
2022-12-05T15:06:57+00:00 INFO Is weekly report enabled: enable
2022-12-05T15:07:06+00:00 INFO Is weekly report enabled: enable
2022-12-05T15:07:11+00:00 INFO Is weekly report enabled: enable
2022-12-05T15:07:12+00:00 INFO Is weekly report enabled: enable
2022-12-05T15:07:12+00:00 INFO Is weekly report enabled: enable
2022-12-05T15:07:25+00:00 INFO Is weekly report enabled: enable
2022-12-05T15:07:33+00:00 INFO Is weekly report enabled: enable
2022-12-05T15:07:42+00:00 INFO Is weekly report enabled: enable
2022-12-05T15:07:57+00:00 INFO Is weekly report enabled: enable
2022-12-05T15:07:58+00:00 INFO Is weekly report enabled: enable
2022-12-05T15:08:03+00:00 INFO Is weekly report enabled: enable
2022-12-05T15:08:17+00:00 INFO Is weekly report enabled: enable
2022-12-05T15:08:59+00:00 INFO Is weekly report enabled: enable
2022-12-05T15:10:00+00:00 INFO Is weekly report enabled: enable
2022-12-05T15:10:18+00:00 INFO Is weekly report enabled: enable
2022-12-05T15:12:01+00:00 INFO Is weekly report enabled: enable
2022-12-05T15:12:12+00:00 INFO Is weekly report enabled: enable
2022-12-05T15:12:19+00:00 INFO Is weekly report enabled: enable
2022-12-05T15:12:31+00:00 INFO Is weekly report enabled: enable
2022-12-05T15:12:50+00:00 INFO Is weekly report enabled: enable
2022-12-05T15:12:51+00:00 INFO Is weekly report enabled: enable
2022-12-05T15:12:56+00:00 INFO Is weekly report enabled: enable
2022-12-05T15:13:04+00:00 INFO Is weekly report enabled: enable
2022-12-05T15:13:56+00:00 INFO Is weekly report enabled: enable
2022-12-05T15:13:58+00:00 INFO Is weekly report enabled: enable
2022-12-05T15:14:11+00:00 INFO Is weekly report enabled: enable
2022-12-05T15:14:26+00:00 INFO Is weekly report enabled: enable
2022-12-05T15:16:00+00:00 INFO Is weekly report enabled: enable
2022-12-05T15:16:28+00:00 INFO Is weekly report enabled: enable
2022-12-05T15:18:01+00:00 INFO Is weekly report enabled: enable
2022-12-05T15:18:28+00:00 INFO Is weekly report enabled: enable
2022-12-05T15:20:02+00:00 INFO Is weekly report enabled: enable
2022-12-05T15:20:29+00:00 INFO Is weekly report enabled: enable
2022-12-05T15:22:03+00:00 INFO Is weekly report enabled: enable
2022-12-05T15:22:30+00:00 INFO Is weekly report enabled: enable
2022-12-05T15:24:04+00:00 INFO Is weekly report enabled: enable
2022-12-05T15:28:28+00:00 INFO Is weekly report enabled: enable
2022-12-05T15:30:18+00:00 INFO Is weekly report enabled: enable
2022-12-05T15:32:19+00:00 INFO Is weekly report enabled: enable
2022-12-05T15:36:50+00:00 INFO Is weekly report enabled: enable
2022-12-05T15:38:49+00:00 INFO Is weekly report enabled: enable
2022-12-05T15:40:50+00:00 INFO Is weekly report enabled: enable
2022-12-05T15:42:51+00:00 INFO Is weekly report enabled: enable
2022-12-05T15:44:55+00:00 INFO Is weekly report enabled: enable
2022-12-05T15:46:55+00:00 INFO Is weekly report enabled: enable
2022-12-05T15:48:56+00:00 INFO Is weekly report enabled: enable
2022-12-05T15:50:57+00:00 INFO Is weekly report enabled: enable
2022-12-05T15:57:13+00:00 INFO Is weekly report enabled: enable
2022-12-05T15:59:11+00:00 INFO Is weekly report enabled: enable
2022-12-05T15:59:12+00:00 INFO Is weekly report enabled: enable
2022-12-05T16:01:12+00:00 INFO Is weekly report enabled: enable
2022-12-05T16:04:07+00:00 INFO Is weekly report enabled: enable
2022-12-05T16:06:06+00:00 INFO Is weekly report enabled: enable
2022-12-05T16:08:07+00:00 INFO Is weekly report enabled: enable
2022-12-05T16:10:16+00:00 INFO Is weekly report enabled: enable
2022-12-05T16:12:16+00:00 INFO Is weekly report enabled: enable
2022-12-05T16:14:17+00:00 INFO Is weekly report enabled: enable
2022-12-05T16:20:15+00:00 INFO Is weekly report enabled: enable
2022-12-05T16:20:20+00:00 INFO Is weekly report enabled: enable
2022-12-05T16:20:35+00:00 INFO Is weekly report enabled: enable
2022-12-05T16:20:51+00:00 INFO Is weekly report enabled: enable
2022-12-05T16:22:53+00:00 INFO Is weekly report enabled: enable
2022-12-05T16:24:54+00:00 INFO Is weekly report enabled: enable
2022-12-05T16:26:55+00:00 INFO Is weekly report enabled: enable
2022-12-05T16:27:09+00:00 INFO Is weekly report enabled: enable
2022-12-05T16:27:11+00:00 INFO Is weekly report enabled: enable
2022-12-05T16:27:18+00:00 INFO Is weekly report enabled: enable
2022-12-05T16:27:25+00:00 INFO Is weekly report enabled: enable
2022-12-05T16:27:41+00:00 INFO Is weekly report enabled: enable
2022-12-05T16:28:12+00:00 INFO Is weekly report enabled: enable
2022-12-05T16:28:56+00:00 INFO Is weekly report enabled: enable
2022-12-05T16:29:10+00:00 INFO Is weekly report enabled: enable
2022-12-05T16:30:13+00:00 INFO Is weekly report enabled: enable
2022-12-05T16:30:56+00:00 INFO Is weekly report enabled: enable
2022-12-05T16:32:08+00:00 INFO Is weekly report enabled: enable
2022-12-05T16:32:13+00:00 INFO Is weekly report enabled: enable
2022-12-05T16:32:22+00:00 INFO Is weekly report enabled: enable
2022-12-05T16:32:37+00:00 INFO Is weekly report enabled: enable
2022-12-05T16:32:52+00:00 INFO Is weekly report enabled: enable
2022-12-05T16:33:07+00:00 INFO Is weekly report enabled: enable
2022-12-05T16:33:23+00:00 INFO Is weekly report enabled: enable
2022-12-05T16:33:38+00:00 INFO Is weekly report enabled: enable
2022-12-05T16:33:52+00:00 INFO Is weekly report enabled: enable
2022-12-05T16:34:07+00:00 INFO Is weekly report enabled: enable
